  list_methods.cpp
C:\Users\Артур\Desktop\АиСД 4 семестр\3\lab3\lab3\list.h(13,1): error C2955: "node_list": для использования класс шаблон требуется список аргументов шаблон
C:\Users\Артур\Desktop\АиСД 4 семестр\3\lab3\lab3\list.h(6): message : см. объявление "node_list"
C:\Users\Артур\Desktop\АиСД 4 семестр\3\lab3\lab3\list.h(42): message : выполняется компиляция ссылки на экземпляр класс шаблон функции "ListOfNum<T>"
C:\Users\Артур\Desktop\АиСД 4 семестр\3\lab3\lab3\list_methods.cpp(9,32): error C2760: синтаксическая ошибка: непредвиденный токен "идентификатор"; требуется "спецификатор типа"
C:\Users\Артур\Desktop\АиСД 4 семестр\3\lab3\lab3\list_methods.cpp(27,32): error C2760: синтаксическая ошибка: непредвиденный токен "идентификатор"; требуется "спецификатор типа"
C:\Users\Артур\Desktop\АиСД 4 семестр\3\lab3\lab3\list_methods.cpp(149,1): error C2244: ListOfNum<T>::operator []: не удается сопоставить определение функции существующему объявлению
C:\Users\Артур\Desktop\АиСД 4 семестр\3\lab3\lab3\list_methods.cpp(148): message : см. объявление "ListOfNum<T>::operator []"
C:\Users\Артур\Desktop\АиСД 4 семестр\3\lab3\lab3\list_methods.cpp(149,1): message : определение
C:\Users\Артур\Desktop\АиСД 4 семестр\3\lab3\lab3\list_methods.cpp(149,1): message : 'T ListOfNum<T>::operator [](size_t)'
C:\Users\Артур\Desktop\АиСД 4 семестр\3\lab3\lab3\list_methods.cpp(149,1): message : существующие объявления
C:\Users\Артур\Desktop\АиСД 4 семестр\3\lab3\lab3\list_methods.cpp(149,1): message : 'T &ListOfNum<T>::operator [](size_t)'
C:\Users\Артур\Desktop\АиСД 4 семестр\3\lab3\lab3\list_methods.cpp(200,1): error C2563: несоответствие в списке формальных параметров
C:\Users\Артур\Desktop\АиСД 4 семестр\3\lab3\lab3\list_methods.cpp(200,1): error C2568: <: не удается разрешить перегрузку функции
C:\Users\Артур\Desktop\АиСД 4 семестр\3\lab3\lab3\list_methods.cpp(200,1): message : может быть "iterator_traits<_Iter>::difference_type std::count(const _InIt,const _InIt,const _Ty &)"
C:\Users\Артур\Desktop\АиСД 4 семестр\3\lab3\lab3\list_methods.cpp(196,22): error C3861: At: идентификатор не найден
C:\Users\Артур\Desktop\АиСД 4 семестр\3\lab3\lab3\list_methods.cpp(196,24): message : "At": объявление функции должно быть доступно, так как ни один из аргументов не зависит от параметра шаблона
  red_black_tree_methods.cpp
C:\Users\Артур\Desktop\АиСД 4 семестр\3\lab3\lab3\list.h(13,1): error C2955: "node_list": для использования класс шаблон требуется список аргументов шаблон
C:\Users\Артур\Desktop\АиСД 4 семестр\3\lab3\lab3\list.h(6): message : см. объявление "node_list"
C:\Users\Артур\Desktop\АиСД 4 семестр\3\lab3\lab3\list.h(42): message : выполняется компиляция ссылки на экземпляр класс шаблон функции "ListOfNum<T>"
C:\Users\Артур\Desktop\АиСД 4 семестр\3\lab3\lab3\red_black_tree_methods.cpp(125,30): error C2116: "red_black_tree<T1,T2>::print": списки параметров функции не совпадают в разных объявлениях.
C:\Users\Артур\Desktop\АиСД 4 семестр\3\lab3\lab3\red_black_tree.h(35): message : см. объявление "red_black_tree<T1,T2>::print"
C:\Users\Артур\Desktop\АиСД 4 семестр\3\lab3\lab3\red_black_tree_methods.cpp(150,30): error C2116: "red_black_tree<T1,T2>::clear_help": списки параметров функции не совпадают в разных объявлениях.
C:\Users\Артур\Desktop\АиСД 4 семестр\3\lab3\lab3\red_black_tree.h(34): message : см. объявление "red_black_tree<T1,T2>::clear_help"
C:\Users\Артур\Desktop\АиСД 4 семестр\3\lab3\lab3\red_black_tree_methods.cpp(192,16): error C2672: "right_turn": не найдена соответствующая перегруженная функция
C:\Users\Артур\Desktop\АиСД 4 семестр\3\lab3\lab3\red_black_tree_methods.cpp(192,16): error C2784: void right_turn(red_black_tree_node<T1,T2> *): не удалось вывести аргумент шаблон для "red_black_tree_node<T1,T2> *" из "red_black_tree_node *"
C:\Users\Артур\Desktop\АиСД 4 семестр\3\lab3\lab3\red_black_tree_methods.cpp(11): message : см. объявление "right_turn"
C:\Users\Артур\Desktop\АиСД 4 семестр\3\lab3\lab3\red_black_tree_methods.cpp(224,15): error C2672: "left_turn": не найдена соответствующая перегруженная функция
C:\Users\Артур\Desktop\АиСД 4 семестр\3\lab3\lab3\red_black_tree_methods.cpp(224,15): error C2784: void left_turn(red_black_tree_node<T1,T2> *): не удалось вывести аргумент шаблон для "red_black_tree_node<T1,T2> *" из "red_black_tree_node *"
C:\Users\Артур\Desktop\АиСД 4 семестр\3\lab3\lab3\red_black_tree_methods.cpp(28): message : см. объявление "left_turn"
C:\Users\Артур\Desktop\АиСД 4 семестр\3\lab3\lab3\red_black_tree_methods.cpp(288,44): error C2672: "fix_remove": не найдена соответствующая перегруженная функция
C:\Users\Артур\Desktop\АиСД 4 семестр\3\lab3\lab3\red_black_tree_methods.cpp(288,44): error C2784: void fix_remove(red_black_tree_node<T1,T2> *): не удалось вывести аргумент шаблон для "red_black_tree_node<T1,T2> *" из "red_black_tree_node *"
C:\Users\Артур\Desktop\АиСД 4 семестр\3\lab3\lab3\red_black_tree_methods.cpp(166): message : см. объявление "fix_remove"
  string.cpp
C:\Users\Артур\Desktop\АиСД 4 семестр\3\lab3\lab3\list.h(13,1): error C2955: "node_list": для использования класс шаблон требуется список аргументов шаблон
C:\Users\Артур\Desktop\АиСД 4 семестр\3\lab3\lab3\list.h(6): message : см. объявление "node_list"
C:\Users\Артур\Desktop\АиСД 4 семестр\3\lab3\lab3\list.h(42): message : выполняется компиляция ссылки на экземпляр класс шаблон функции "ListOfNum<T>"
C:\Users\Артур\Desktop\АиСД 4 семестр\3\lab3\lab3\string.cpp(20,5): error C4996: 'strcpy': This function or variable may be unsafe. Consider using strcpy_s instead. To disable deprecation, use _CRT_SECURE_NO_WARNINGS. See online help for details.
C:\Users\Артур\Desktop\АиСД 4 семестр\3\lab3\lab3\string.cpp(37,10): error C4996: 'strcpy': This function or variable may be unsafe. Consider using strcpy_s instead. To disable deprecation, use _CRT_SECURE_NO_WARNINGS. See online help for details.
C:\Users\Артур\Desktop\АиСД 4 семестр\3\lab3\lab3\string.cpp(48,12): error C2065: line: необъявленный идентификатор
C:\Users\Артур\Desktop\АиСД 4 семестр\3\lab3\lab3\string.cpp(109,73): error C2679: бинарный "+": не найден оператор, принимающий правый операнд типа "char" (или приемлемое преобразование отсутствует)
C:\Users\Артур\Desktop\АиСД 4 семестр\3\lab3\lab3\string.h(32,19): message : может быть "String operator +(const String &,const String &)" [найдено при поиске с зависимостью от аргументов]
C:\Users\Артур\Desktop\АиСД 4 семестр\3\lab3\lab3\string.cpp(109,73): message : при попытке сопоставить список аргументов "(String, char)"
C:\Users\Артур\Desktop\АиСД 4 семестр\3\lab3\lab3\string.cpp(131,10): error C4996: 'strcpy': This function or variable may be unsafe. Consider using strcpy_s instead. To disable deprecation, use _CRT_SECURE_NO_WARNINGS. See online help for details.
C:\Users\Артур\Desktop\АиСД 4 семестр\3\lab3\lab3\string.cpp(140,10): error C4996: 'strcpy': This function or variable may be unsafe. Consider using strcpy_s instead. To disable deprecation, use _CRT_SECURE_NO_WARNINGS. See online help for details.
C:\Users\Артур\Desktop\АиСД 4 семестр\3\lab3\lab3\string.cpp(150,10): error C4996: 'strcpy': This function or variable may be unsafe. Consider using strcpy_s instead. To disable deprecation, use _CRT_SECURE_NO_WARNINGS. See online help for details.
C:\Users\Артур\Desktop\АиСД 4 семестр\3\lab3\lab3\string.cpp(151,10): error C4996: 'strcpy': This function or variable may be unsafe. Consider using strcpy_s instead. To disable deprecation, use _CRT_SECURE_NO_WARNINGS. See online help for details.
  Создание кода...
